[debug] [2023-10-04T10:58:10.338Z] ----------------------------------------------------------------------
[debug] [2023-10-04T10:58:10.339Z] Command:       /usr/local/bin/node /usr/local/bin/firebase init --debug
[debug] [2023-10-04T10:58:10.340Z] CLI Version:   11.24.1
[debug] [2023-10-04T10:58:10.340Z] Platform:      linux
[debug] [2023-10-04T10:58:10.340Z] Node Version:  v19.3.0
[debug] [2023-10-04T10:58:10.340Z] Time:          Wed Oct 04 2023 16:28:10 GMT+0530 (India Standard Time)
[debug] [2023-10-04T10:58:10.340Z] ----------------------------------------------------------------------
[debug] 
[debug] [2023-10-04T10:58:10.343Z] > command requires scopes: ["email","openid","https://www.googleapis.com/auth/cloudplatformprojects.readonly","https://www.googleapis.com/auth/firebase","https://www.googleapis.com/auth/cloud-platform"]
[debug] [2023-10-04T10:58:10.344Z] > authorizing via signed-in user (harishthirupathi99@gmail.com)
[info] 
     ######## #### ########  ######## ########     ###     ######  ########
     ##        ##  ##     ## ##       ##     ##  ##   ##  ##       ##
     ######    ##  ########  ######   ########  #########  ######  ######
     ##        ##  ##    ##  ##       ##     ## ##     ##       ## ##
     ##       #### ##     ## ######## ########  ##     ##  ######  ########

You're about to initialize a Firebase project in this directory:

  /home/user1/Reactproject/careerproject/kingbrave

[error] 
[error] Error: Must select at least one feature. Use SPACEBAR to select features, or specify a feature by running firebase init [feature_name]
[debug] [2023-10-04T10:58:41.058Z] ----------------------------------------------------------------------
[debug] [2023-10-04T10:58:41.059Z] Command:       /usr/local/bin/node /usr/local/bin/firebase init --debug
[debug] [2023-10-04T10:58:41.060Z] CLI Version:   11.24.1
[debug] [2023-10-04T10:58:41.060Z] Platform:      linux
[debug] [2023-10-04T10:58:41.060Z] Node Version:  v19.3.0
[debug] [2023-10-04T10:58:41.060Z] Time:          Wed Oct 04 2023 16:28:41 GMT+0530 (India Standard Time)
[debug] [2023-10-04T10:58:41.060Z] ----------------------------------------------------------------------
[debug] 
[debug] [2023-10-04T10:58:41.064Z] > command requires scopes: ["email","openid","https://www.googleapis.com/auth/cloudplatformprojects.readonly","https://www.googleapis.com/auth/firebase","https://www.googleapis.com/auth/cloud-platform"]
[debug] [2023-10-04T10:58:41.065Z] > authorizing via signed-in user (harishthirupathi99@gmail.com)
[info] 
     ######## #### ########  ######## ########     ###     ######  ########
     ##        ##  ##     ## ##       ##     ##  ##   ##  ##       ##
     ######    ##  ########  ######   ########  #########  ######  ######
     ##        ##  ##    ##  ##       ##     ## ##     ##       ## ##
     ##       #### ##     ## ######## ########  ##     ##  ######  ########

You're about to initialize a Firebase project in this directory:

  /home/user1/Reactproject/careerproject/kingbrave

[info] 
=== Project Setup
[info] 
[info] First, let's associate this project directory with a Firebase project.
[info] You can create multiple project aliases by running firebase use --add, 
[info] but for now we'll just set up a default project.
[info] 
[debug] [2023-10-04T10:58:48.592Z] >>> [apiv2][query] GET https://firebase.googleapis.com/v1beta1/projects pageSize=100
[debug] [2023-10-04T10:58:49.337Z] <<< [apiv2][status] GET https://firebase.googleapis.com/v1beta1/projects 200
[debug] [2023-10-04T10:58:49.337Z] <<< [apiv2][body] GET https://firebase.googleapis.com/v1beta1/projects [omitted]
[info] i  Using project kingbrave-boyz (kingbrave) 
[info] 
=== Hosting Setup
[info] 
[info] Your public directory is the folder (relative to your project directory) that
[info] will contain Hosting assets to be uploaded with firebase deploy. If you
[info] have a build process for your assets, use your build's output directory.
[info] 
[debug] [2023-10-04T10:58:54.337Z] >>> [apiv2][query] GET https://www.gstatic.com/firebasejs/releases.json [none]
[debug] [2023-10-04T10:58:54.445Z] <<< [apiv2][status] GET https://www.gstatic.com/firebasejs/releases.json 200
[debug] [2023-10-04T10:58:54.446Z] <<< [apiv2][body] GET https://www.gstatic.com/firebasejs/releases.json {"current":{"version":"10.4.0","browserURL":"https://www.gstatic.com/firebasejs/10.4.0/firebase.js","packageURL":"https://www.gstatic.com/firebasejs/10.4.0/firebase.tgz"},"live":{"version":"10.4","browserURL":"https://www.gstatic.com/firebasejs/live/10.4/firebase.js","packageURL":"https://www.gstatic.com/firebasejs/live/10.4/firebase.tgz"},"components":{"analytics":"https://www.gstatic.com/firebasejs/10.4.0/firebase-analytics.js","app":"https://www.gstatic.com/firebasejs/10.4.0/firebase-app.js","app-check":"https://www.gstatic.com/firebasejs/10.4.0/firebase-app-check.js","auth":"https://www.gstatic.com/firebasejs/10.4.0/firebase-auth.js","auth/cordova":"https://www.gstatic.com/firebasejs/10.4.0/firebase-auth/cordova.js","functions":"https://www.gstatic.com/firebasejs/10.4.0/firebase-functions.js","firestore":"https://www.gstatic.com/firebasejs/10.4.0/firebase-firestore.js","firestore/lite":"https://www.gstatic.com/firebasejs/10.4.0/firebase-firestore/lite.js","installations":"https://www.gstatic.com/firebasejs/10.4.0/firebase-installations.js","storage":"https://www.gstatic.com/firebasejs/10.4.0/firebase-storage.js","performance":"https://www.gstatic.com/firebasejs/10.4.0/firebase-performance.js","remote-config":"https://www.gstatic.com/firebasejs/10.4.0/firebase-remote-config.js","messaging":"https://www.gstatic.com/firebasejs/10.4.0/firebase-messaging.js","messaging/sw":"https://www.gstatic.com/firebasejs/10.4.0/firebase-messaging/sw.js","database":"https://www.gstatic.com/firebasejs/10.4.0/firebase-database.js","firestore.memory":"https://www.gstatic.com/firebasejs/10.4.0/firebase-firestore.memory.js"}}
[debug] [2023-10-04T10:58:54.609Z] Error: ENOTDIR: not a directory, scandir '/home/user1/Reactproject/careerproject/kingbrave/y'
    at Object.readdirSync (node:fs:1437:3)
    at Object.createFileSync (/usr/local/lib/node_modules/firebase-tools/node_modules/fs-extra/lib/ensure/file.js:55:10)
    at Config.writeProjectFile (/usr/local/lib/node_modules/firebase-tools/lib/config.js:152:12)
    at /usr/local/lib/node_modules/firebase-tools/lib/config.js:176:22
    at process.processTicksAndRejections (node:internal/process/task_queues:95:5)
    at async doSetup (/usr/local/lib/node_modules/firebase-tools/lib/init/features/hosting/index.js:144:9)
    at async init (/usr/local/lib/node_modules/firebase-tools/lib/init/index.js:36:9)
[error] 
[error] Error: An unexpected error has occurred.
[debug] [2023-10-04T11:11:11.563Z] ----------------------------------------------------------------------
[debug] [2023-10-04T11:11:11.565Z] Command:       /usr/local/bin/node /usr/local/bin/firebase init --debug
[debug] [2023-10-04T11:11:11.565Z] CLI Version:   11.24.1
[debug] [2023-10-04T11:11:11.565Z] Platform:      linux
[debug] [2023-10-04T11:11:11.565Z] Node Version:  v19.3.0
[debug] [2023-10-04T11:11:11.565Z] Time:          Wed Oct 04 2023 16:41:11 GMT+0530 (India Standard Time)
[debug] [2023-10-04T11:11:11.565Z] ----------------------------------------------------------------------
[debug] 
[debug] [2023-10-04T11:11:11.569Z] > command requires scopes: ["email","openid","https://www.googleapis.com/auth/cloudplatformprojects.readonly","https://www.googleapis.com/auth/firebase","https://www.googleapis.com/auth/cloud-platform"]
[debug] [2023-10-04T11:11:11.569Z] > authorizing via signed-in user (harishthirupathi99@gmail.com)
[info] 
     ######## #### ########  ######## ########     ###     ######  ########
     ##        ##  ##     ## ##       ##     ##  ##   ##  ##       ##
     ######    ##  ########  ######   ########  #########  ######  ######
     ##        ##  ##    ##  ##       ##     ## ##     ##       ## ##
     ##       #### ##     ## ######## ########  ##     ##  ######  ########

You're about to initialize a Firebase project in this directory:

  /home/user1/Reactproject/careerproject/kingbrave

[info] 
=== Project Setup
[info] 
[info] First, let's associate this project directory with a Firebase project.
[info] You can create multiple project aliases by running firebase use --add, 
[info] but for now we'll just set up a default project.
[info] 
[debug] [2023-10-04T11:11:19.363Z] >>> [apiv2][query] GET https://firebase.googleapis.com/v1beta1/projects pageSize=100
[debug] [2023-10-04T11:11:20.234Z] <<< [apiv2][status] GET https://firebase.googleapis.com/v1beta1/projects 200
[debug] [2023-10-04T11:11:20.235Z] <<< [apiv2][body] GET https://firebase.googleapis.com/v1beta1/projects [omitted]
[info] i  Using project kingbrave-boyz (kingbrave) 
[info] 
=== Database Setup
[info] i  database: ensuring required API firebasedatabase.googleapis.com is enabled... 
[debug] [2023-10-04T11:11:21.305Z] >>> [apiv2][query] GET https://serviceusage.googleapis.com/v1/projects/kingbrave-boyz/services/firebasedatabase.googleapis.com [none]
[debug] [2023-10-04T11:11:21.305Z] >>> [apiv2][(partial)header] GET https://serviceusage.googleapis.com/v1/projects/kingbrave-boyz/services/firebasedatabase.googleapis.com x-goog-quota-user=projects/kingbrave-boyz
[debug] [2023-10-04T11:11:23.030Z] <<< [apiv2][status] GET https://serviceusage.googleapis.com/v1/projects/kingbrave-boyz/services/firebasedatabase.googleapis.com 200
[debug] [2023-10-04T11:11:23.030Z] <<< [apiv2][body] GET https://serviceusage.googleapis.com/v1/projects/kingbrave-boyz/services/firebasedatabase.googleapis.com [omitted]
[info] ✔  database: required API firebasedatabase.googleapis.com is enabled 
[info] 
[debug] [2023-10-04T11:11:23.031Z] >>> [apiv2][query] GET https://firebasedatabase.googleapis.com/v1beta/projects/kingbrave-boyz/locations/-/instances/kingbrave-boyz-default-rtdb [none]
[debug] [2023-10-04T11:11:24.982Z] <<< [apiv2][status] GET https://firebasedatabase.googleapis.com/v1beta/projects/kingbrave-boyz/locations/-/instances/kingbrave-boyz-default-rtdb 200
[debug] [2023-10-04T11:11:24.982Z] <<< [apiv2][body] GET https://firebasedatabase.googleapis.com/v1beta/projects/kingbrave-boyz/locations/-/instances/kingbrave-boyz-default-rtdb {"name":"projects/461029597772/locations/asia-southeast1/instances/kingbrave-boyz-default-rtdb","project":"projects/461029597772","databaseUrl":"https://kingbrave-boyz-default-rtdb.asia-southeast1.firebasedatabase.app","type":"DEFAULT_DATABASE","state":"ACTIVE"}
[info] 
[info] Firebase Realtime Database Security Rules allow you to define how your data should be
[info] structured and when your data can be read from and written to.
[info] 
[debug] [2023-10-04T11:11:28.024Z] >>> [apiv2][query] GET https://kingbrave-boyz-default-rtdb.asia-southeast1.firebasedatabase.app/.settings/rules.json [none]
[debug] [2023-10-04T11:11:28.331Z] <<< [apiv2][status] GET https://kingbrave-boyz-default-rtdb.asia-southeast1.firebasedatabase.app/.settings/rules.json 200
[debug] [2023-10-04T11:11:28.332Z] <<< [apiv2][body] GET https://kingbrave-boyz-default-rtdb.asia-southeast1.firebasedatabase.app/.settings/rules.json [stream]
[info] ✔  Database Rules for kingbrave-boyz-default-rtdb have been written to n. 
[info] Future modifications to n will update Realtime Database Security Rules when you run
[info] firebase deploy.
[info] 
=== Firestore Setup
[debug] [2023-10-04T11:11:28.339Z] >>> [apiv2][query] GET https://serviceusage.googleapis.com/v1/projects/kingbrave-boyz/services/firestore.googleapis.com [none]
[debug] [2023-10-04T11:11:28.339Z] >>> [apiv2][(partial)header] GET https://serviceusage.googleapis.com/v1/projects/kingbrave-boyz/services/firestore.googleapis.com x-goog-quota-user=projects/kingbrave-boyz
[debug] [2023-10-04T11:11:29.946Z] <<< [apiv2][status] GET https://serviceusage.googleapis.com/v1/projects/kingbrave-boyz/services/firestore.googleapis.com 200
[debug] [2023-10-04T11:11:29.946Z] <<< [apiv2][body] GET https://serviceusage.googleapis.com/v1/projects/kingbrave-boyz/services/firestore.googleapis.com [omitted]
[debug] [2023-10-04T11:11:29.947Z] >>> [apiv2][query] GET https://firestore.googleapis.com/v1/projects/kingbrave-boyz/databases/(default) [none]
[debug] [2023-10-04T11:11:30.368Z] <<< [apiv2][status] GET https://firestore.googleapis.com/v1/projects/kingbrave-boyz/databases/(default) 200
[debug] [2023-10-04T11:11:30.369Z] <<< [apiv2][body] GET https://firestore.googleapis.com/v1/projects/kingbrave-boyz/databases/(default) {"name":"projects/kingbrave-boyz/databases/(default)","uid":"5c3f0220-1155-4f4d-a8c3-2472d5c0f31e","createTime":"2023-10-04T10:52:17.046491Z","updateTime":"2023-10-04T10:52:17.046491Z","locationId":"asia-south1","type":"DATASTORE_MODE","concurrencyMode":"PESSIMISTIC","versionRetentionPeriod":"3600s","earliestVersionTime":"2023-10-04T10:52:17.046491Z","appEngineIntegrationMode":"DISABLED","keyPrefix":"j","pointInTimeRecoveryEnablement":"POINT_IN_TIME_RECOVERY_DISABLED","deleteProtectionState":"DELETE_PROTECTION_DISABLED","etag":"IPfd+42h3IEDMKqb2cmg3IED"}
[debug] [2023-10-04T11:11:30.369Z] database_type: DATASTORE_MODE
[error] 
[error] Error: It looks like this project is using Cloud Datastore or Cloud Firestore in Datastore mode. The Firebase CLI can only manage projects using Cloud Firestore in Native mode. For more information, visit https://cloud.google.com/datastore/docs/firestore-or-datastore
